# JRE version: OpenJDK Runtime Environment Homebrew (21.0.11) (build 21.0.11)
# Java VM: OpenJDK 64-Bit Server VM Homebrew (21.0.11, mixed mode, sharing, tiered, compressed oops, compressed class ptrs, g1 gc, bsd-aarch64)
GC Precious Log:
 CardTable entry size: 512
 Card Set container configuration: InlinePtr #cards 5 size 8 Array Of Cards #cards 12 size 40 Howl #buckets 4 coarsen threshold 1843 Howl Bitmap #cards 512 size 80 coarsen threshold 460 Card regions per heap region 1 cards per card region 2048
 CPUs: 10 total, 10 available
 Memory: 16384M
 Large Page Support: Disabled
 NUMA Support: Disabled
 Compressed Oops: Enabled (Zero based)
 Heap Region Size: 1M
 Heap Min Capacity: 8M
 Heap Initial Capacity: 256M
 Heap Max Capacity: 512M
 Pre-touch: Disabled
 Parallel Workers: 9
 Concurrent Workers: 2
 Concurrent Refinement Workers: 9
 Periodic GC: Disabled
Heap:
 garbage-first heap   total 78848K, used 40482K [0x000000058a800000, 0x00000005aa800000)
  region size 1024K, 7 young (7168K), 5 survivors (5120K)
 Metaspace       used 45296K, committed 45824K, reserved 1114112K
  class space    used 5381K, committed 5632K, reserved 1048576K
GC Heap History (20 events):
Event: 0.498 GC heap before
{Heap before GC invocations=0 (full 0):
 garbage-first heap   total 264192K, used 30751K [0x000000058a800000, 0x00000005aa800000)
  region size 1024K, 23 young (23552K), 0 survivors (0K)
 Metaspace       used 5230K, committed 5440K, reserved 1114112K
  class space    used 662K, committed 768K, reserved 1048576K
}
Event: 0.500 GC heap after
{Heap after GC invocations=1 (full 0):
 garbage-first heap   total 264192K, used 16231K [0x000000058a800000, 0x00000005aa800000)
  region size 1024K, 3 young (3072K), 3 survivors (3072K)
 Metaspace       used 5230K, committed 5440K, reserved 1114112K
  class space    used 662K, committed 768K, reserved 1048576K
}
Event: 0.725 GC heap before
{Heap before GC invocations=1 (full 0):
 garbage-first heap   total 264192K, used 40807K [0x000000058a800000, 0x00000005aa800000)
  region size 1024K, 27 young (27648K), 3 survivors (3072K)
 Metaspace       used 10398K, committed 10688K, reserved 1114112K
  class space    used 1271K, committed 1408K, reserved 1048576K
}
Event: 0.728 GC heap after
{Heap after GC invocations=2 (full 0):
 garbage-first heap   total 264192K, used 17825K [0x000000058a800000, 0x00000005aa800000)
  region size 1024K, 2 young (2048K), 2 survivors (2048K)
 Metaspace       used 10398K, committed 10688K, reserved 1114112K
  class space    used 1271K, committed 1408K, reserved 1048576K
}
Event: 1.159 GC heap before
{Heap before GC invocations=2 (full 0):
 garbage-first heap   total 264192K, used 68001K [0x000000058a800000, 0x00000005aa800000)
  region size 1024K, 53 young (54272K), 2 survivors (2048K)
 Metaspace       used 21183K, committed 21504K, reserved 1114112K
  class space    used 2650K, committed 2816K, reserved 1048576K
}
Event: 1.162 GC heap after
{Heap after GC invocations=3 (full 0):
 garbage-first heap   total 264192K, used 21157K [0x000000058a800000, 0x00000005aa800000)
  region size 1024K, 5 young (5120K), 5 survivors (5120K)
 Metaspace       used 21183K, committed 21504K, reserved 1114112K
  class space    used 2650K, committed 2816K, reserved 1048576K
}
Event: 1.629 GC heap before
{Heap before GC invocations=4 (full 0):
 garbage-first heap   total 78848K, used 62117K [0x000000058a800000, 0x00000005aa800000)
  region size 1024K, 46 young (47104K), 5 survivors (5120K)
 Metaspace       used 32716K, committed 33152K, reserved 1114112K
  class space    used 3891K, committed 4096K, reserved 1048576K
}
Event: 1.634 GC heap after
{Heap after GC invocations=5 (full 0):
 garbage-first heap   total 78848K, used 25318K [0x000000058a800000, 0x00000005aa800000)
  region size 1024K, 5 young (5120K), 5 survivors (5120K)
 Metaspace       used 32716K, committed 33152K, reserved 1114112K
  class space    used 3891K, committed 4096K, reserved 1048576K
}
Event: 1.768 GC heap before
{Heap before GC invocations=5 (full 0):
 garbage-first heap   total 78848K, used 36582K [0x000000058a800000, 0x00000005aa800000)
  region size 1024K, 17 young (17408K), 5 survivors (5120K)
 Metaspace       used 35678K, committed 36096K, reserved 1114112K
  class space    used 4192K, committed 4416K, reserved 1048576K
}
Event: 1.769 GC heap after
{Heap after GC invocations=6 (full 0):
 garbage-first heap   total 78848K, used 26370K [0x000000058a800000, 0x00000005aa800000)
  region size 1024K, 2 young (2048K), 2 survivors (2048K)
 Metaspace       used 35678K, committed 36096K, reserved 1114112K
  class space    used 4192K, committed 4416K, reserved 1048576K
}
Event: 1.780 GC heap before
{Heap before GC invocations=6 (full 0):
 garbage-first heap   total 78848K, used 27394K [0x000000058a800000, 0x00000005aa800000)
  region size 1024K, 4 young (4096K), 2 survivors (2048K)
 Metaspace       used 36022K, committed 36416K, reserved 1114112K
  class space    used 4231K, committed 4416K, reserved 1048576K
}
Event: 1.781 GC heap after
{Heap after GC invocations=7 (full 0):
 garbage-first heap   total 78848K, used 26257K [0x000000058a800000, 0x00000005aa800000)
  region size 1024K, 2 young (2048K), 2 survivors (2048K)
 Metaspace       used 36022K, committed 36416K, reserved 1114112K
  class space    used 4231K, committed 4416K, reserved 1048576K
}
Event: 2.137 GC heap before
{Heap before GC invocations=8 (full 0):
 garbage-first heap   total 78848K, used 68241K [0x000000058a800000, 0x00000005aa800000)
  region size 1024K, 37 young (37888K), 2 survivors (2048K)
 Metaspace       used 39389K, committed 39936K, reserved 1114112K
  class space    used 4666K, committed 4928K, reserved 1048576K
}
Event: 2.142 GC heap after
{Heap after GC invocations=9 (full 0):
 garbage-first heap   total 78848K, used 32720K [0x000000058a800000, 0x00000005aa800000)
  region size 1024K, 5 young (5120K), 5 survivors (5120K)
 Metaspace       used 39389K, committed 39936K, reserved 1114112K
  class space    used 4666K, committed 4928K, reserved 1048576K
}
Event: 2.172 GC heap before
{Heap before GC invocations=9 (full 0):
 garbage-first heap   total 78848K, used 64464K [0x000000058a800000, 0x00000005aa800000)
  region size 1024K, 36 young (36864K), 5 survivors (5120K)
 Metaspace       used 39435K, committed 40000K, reserved 1114112K
  class space    used 4670K, committed 4928K, reserved 1048576K
}
Event: 2.175 GC heap after
{Heap after GC invocations=10 (full 0):
 garbage-first heap   total 78848K, used 33372K [0x000000058a800000, 0x00000005aa800000)
  region size 1024K, 1 young (1024K), 1 survivors (1024K)
 Metaspace       used 39435K, committed 40000K, reserved 1114112K
  class space    used 4670K, committed 4928K, reserved 1048576K
}
Event: 2.245 GC heap before
{Heap before GC invocations=10 (full 0):
 garbage-first heap   total 78848K, used 66140K [0x000000058a800000, 0x00000005aa800000)
  region size 1024K, 33 young (33792K), 1 survivors (1024K)
 Metaspace       used 40420K, committed 40896K, reserved 1114112K
  class space    used 4753K, committed 4992K, reserved 1048576K
}
Event: 2.246 GC heap after
{Heap after GC invocations=11 (full 0):
 garbage-first heap   total 78848K, used 33782K [0x000000058a800000, 0x00000005aa800000)
  region size 1024K, 1 young (1024K), 1 survivors (1024K)
 Metaspace       used 40420K, committed 40896K, reserved 1114112K
  class space    used 4753K, committed 4992K, reserved 1048576K
}
Event: 2.557 GC heap before
{Heap before GC invocations=11 (full 0):
 garbage-first heap   total 78848K, used 68598K [0x000000058a800000, 0x00000005aa800000)
  region size 1024K, 34 young (34816K), 1 survivors (1024K)
 Metaspace       used 44995K, committed 45568K, reserved 1114112K
  class space    used 5346K, committed 5632K, reserved 1048576K
}
Event: 2.561 GC heap after
{Heap after GC invocations=12 (full 0):
 garbage-first heap   total 78848K, used 39458K [0x000000058a800000, 0x00000005aa800000)
  region size 1024K, 5 young (5120K), 5 survivors (5120K)
 Metaspace       used 44995K, committed 45568K, reserved 1114112K
  class space    used 5346K, committed 5632K, reserved 1048576K
}

