# JRE version: OpenJDK Runtime Environment Homebrew (21.0.11) (build 21.0.11)
# Java VM: OpenJDK 64-Bit Server VM Homebrew (21.0.11, mixed mode, sharing, tiered, compressed oops, compressed class ptrs, g1 gc, bsd-aarch64)
GC Precious Log:
 CardTable entry size: 512
 Card Set container configuration: InlinePtr #cards 4 size 8 Array Of Cards #cards 16 size 48 Howl #buckets 8 coarsen threshold 3686 Howl Bitmap #cards 512 size 80 coarsen threshold 460 Card regions per heap region 1 cards per card region 4096
 CPUs: 10 total, 10 available
 Memory: 16384M
 Large Page Support: Disabled
 NUMA Support: Disabled
 Compressed Oops: Enabled (Zero based)
 Heap Region Size: 2M
 Heap Min Capacity: 8M
 Heap Initial Capacity: 256M
 Heap Max Capacity: 4G
 Pre-touch: Disabled
 Parallel Workers: 9
 Concurrent Workers: 2
 Concurrent Refinement Workers: 9
 Periodic GC: Disabled
Heap:
 garbage-first heap   total 131072K, used 94570K [0x00000004d5000000, 0x00000005d5000000)
  region size 2048K, 23 young (47104K), 3 survivors (6144K)
 Metaspace       used 46038K, committed 46592K, reserved 1114112K
  class space    used 5251K, committed 5504K, reserved 1048576K
GC Heap History (20 events):
Event: 0.315 GC heap before
{Heap before GC invocations=0 (full 0):
 garbage-first heap   total 264192K, used 21535K [0x00000004d5000000, 0x00000005d5000000)
  region size 2048K, 11 young (22528K), 0 survivors (0K)
 Metaspace       used 2584K, committed 2688K, reserved 1114112K
  class space    used 162K, committed 192K, reserved 1048576K
}
Event: 0.317 GC heap after
{Heap after GC invocations=1 (full 0):
 garbage-first heap   total 264192K, used 11224K [0x00000004d5000000, 0x00000005d5000000)
  region size 2048K, 2 young (4096K), 2 survivors (4096K)
 Metaspace       used 2584K, committed 2688K, reserved 1114112K
  class space    used 162K, committed 192K, reserved 1048576K
}
Event: 0.574 GC heap before
{Heap before GC invocations=1 (full 0):
 garbage-first heap   total 264192K, used 31704K [0x00000004d5000000, 0x00000005d5000000)
  region size 2048K, 12 young (24576K), 2 survivors (4096K)
 Metaspace       used 7495K, committed 7680K, reserved 1114112K
  class space    used 737K, committed 832K, reserved 1048576K
}
Event: 0.578 GC heap after
{Heap after GC invocations=2 (full 0):
 garbage-first heap   total 264192K, used 13124K [0x00000004d5000000, 0x00000005d5000000)
  region size 2048K, 2 young (4096K), 2 survivors (4096K)
 Metaspace       used 7495K, committed 7680K, reserved 1114112K
  class space    used 737K, committed 832K, reserved 1048576K
}
Event: 1.537 GC heap before
{Heap before GC invocations=2 (full 0):
 garbage-first heap   total 264192K, used 62276K [0x00000004d5000000, 0x00000005d5000000)
  region size 2048K, 28 young (57344K), 2 survivors (4096K)
 Metaspace       used 21234K, committed 21504K, reserved 1114112K
  class space    used 2368K, committed 2496K, reserved 1048576K
}
Event: 1.541 GC heap after
{Heap after GC invocations=3 (full 0):
 garbage-first heap   total 264192K, used 18028K [0x00000004d5000000, 0x00000005d5000000)
  region size 2048K, 4 young (8192K), 4 survivors (8192K)
 Metaspace       used 21234K, committed 21504K, reserved 1114112K
  class space    used 2368K, committed 2496K, reserved 1048576K
}
Event: 2.157 GC heap before
{Heap before GC invocations=4 (full 0):
 garbage-first heap   total 69632K, used 65132K [0x00000004d5000000, 0x00000005d5000000)
  region size 2048K, 27 young (55296K), 4 survivors (8192K)
 Metaspace       used 30896K, committed 31296K, reserved 1114112K
  class space    used 3404K, committed 3584K, reserved 1048576K
}
Event: 2.165 GC heap after
{Heap after GC invocations=5 (full 0):
 garbage-first heap   total 83968K, used 26998K [0x00000004d5000000, 0x00000005d5000000)
  region size 2048K, 7 young (14336K), 7 survivors (14336K)
 Metaspace       used 30896K, committed 31296K, reserved 1114112K
  class space    used 3404K, committed 3584K, reserved 1048576K
}
Event: 2.549 GC heap before
{Heap before GC invocations=5 (full 0):
 garbage-first heap   total 83968K, used 57718K [0x00000004d5000000, 0x00000005d5000000)
  region size 2048K, 23 young (47104K), 7 survivors (14336K)
 Metaspace       used 33930K, committed 34432K, reserved 1114112K
  class space    used 3793K, committed 4032K, reserved 1048576K
}
Event: 2.570 GC heap after
{Heap after GC invocations=6 (full 0):
 garbage-first heap   total 83968K, used 28432K [0x00000004d5000000, 0x00000005d5000000)
  region size 2048K, 2 young (4096K), 2 survivors (4096K)
 Metaspace       used 33930K, committed 34432K, reserved 1114112K
  class space    used 3793K, committed 4032K, reserved 1048576K
}
Event: 2.603 GC heap before
{Heap before GC invocations=6 (full 0):
 garbage-first heap   total 83968K, used 61200K [0x00000004d5000000, 0x00000005d5000000)
  region size 2048K, 18 young (36864K), 2 survivors (4096K)
 Metaspace       used 33980K, committed 34432K, reserved 1114112K
  class space    used 3797K, committed 4032K, reserved 1048576K
}
Event: 2.605 GC heap after
{Heap after GC invocations=7 (full 0):
 garbage-first heap   total 110592K, used 27644K [0x00000004d5000000, 0x00000005d5000000)
  region size 2048K, 2 young (4096K), 2 survivors (4096K)
 Metaspace       used 33980K, committed 34432K, reserved 1114112K
  class space    used 3797K, committed 4032K, reserved 1048576K
}
Event: 2.752 GC heap before
{Heap before GC invocations=7 (full 0):
 garbage-first heap   total 110592K, used 70652K [0x00000004d5000000, 0x00000005d5000000)
  region size 2048K, 24 young (49152K), 2 survivors (4096K)
 Metaspace       used 35677K, committed 36096K, reserved 1114112K
  class space    used 3977K, committed 4160K, reserved 1048576K
}
Event: 2.754 GC heap after
{Heap after GC invocations=8 (full 0):
 garbage-first heap   total 110592K, used 28604K [0x00000004d5000000, 0x00000005d5000000)
  region size 2048K, 2 young (4096K), 2 survivors (4096K)
 Metaspace       used 35677K, committed 36096K, reserved 1114112K
  class space    used 3977K, committed 4160K, reserved 1048576K
}
Event: 3.792 GC heap before
{Heap before GC invocations=9 (full 0):
 garbage-first heap   total 102400K, used 87996K [0x00000004d5000000, 0x00000005d5000000)
  region size 2048K, 32 young (65536K), 2 survivors (4096K)
 Metaspace       used 42863K, committed 43392K, reserved 1114112K
  class space    used 4929K, committed 5184K, reserved 1048576K
}
Event: 3.807 GC heap after
{Heap after GC invocations=10 (full 0):
 garbage-first heap   total 106496K, used 38645K [0x00000004d5000000, 0x00000005d5000000)
  region size 2048K, 4 young (8192K), 4 survivors (8192K)
 Metaspace       used 42863K, committed 43392K, reserved 1114112K
  class space    used 4929K, committed 5184K, reserved 1048576K
}
Event: 4.013 GC heap before
{Heap before GC invocations=10 (full 0):
 garbage-first heap   total 106496K, used 83701K [0x00000004d5000000, 0x00000005d5000000)
  region size 2048K, 27 young (55296K), 4 survivors (8192K)
 Metaspace       used 43915K, committed 44480K, reserved 1114112K
  class space    used 5043K, committed 5312K, reserved 1048576K
}
Event: 4.021 GC heap after
{Heap after GC invocations=11 (full 0):
 garbage-first heap   total 106496K, used 47079K [0x00000004d5000000, 0x00000005d5000000)
  region size 2048K, 4 young (8192K), 4 survivors (8192K)
 Metaspace       used 43915K, committed 44480K, reserved 1114112K
  class space    used 5043K, committed 5312K, reserved 1048576K
}
Event: 4.130 GC heap before
{Heap before GC invocations=11 (full 0):
 garbage-first heap   total 106496K, used 83943K [0x00000004d5000000, 0x00000005d5000000)
  region size 2048K, 22 young (45056K), 4 survivors (8192K)
 Metaspace       used 45047K, committed 45568K, reserved 1114112K
  class space    used 5148K, committed 5376K, reserved 1048576K
}
Event: 4.140 GC heap after
{Heap after GC invocations=12 (full 0):
 garbage-first heap   total 131072K, used 57706K [0x00000004d5000000, 0x00000005d5000000)
  region size 2048K, 3 young (6144K), 3 survivors (6144K)
 Metaspace       used 45047K, committed 45568K, reserved 1114112K
  class space    used 5148K, committed 5376K, reserved 1048576K
}

